<?xml version="1.0" encoding="UTF-8"?>
<!-- Generated by org.testng.reporters.JUnitXMLReporter -->
<testsuite ignored="0" hostname="a" failures="0" tests="5" name="Default test" time="17.991" errors="0" timestamp="2023-06-12T00:47:00 IST">
  <testcase classname="com.qa.opencart.tests.AccountPageTest" name="accPageSetup" time="6.062"/>
  <testcase classname="com.qa.opencart.tests.AccountPageTest" name="getHeadersList" time="0.379"/>
  <testcase classname="com.qa.opencart.tests.AccountPageTest" name="getLogoutLink" time="0.233"/>
  <testcase classname="com.qa.opencart.tests.AccountPageTest" name="getPageTitle" time="0.027"/>
  <testcase classname="com.qa.opencart.tests.AccountPageTest" name="getPageURL" time="0.028"/>
</testsuite> <!-- Default test -->
