<?xml version="1.0" encoding="UTF-8"?>
<!-- Generated by org.testng.reporters.JUnitXMLReporter -->
<testsuite ignored="5" hostname="a" failures="0" tests="1" name="Default test" time="13.073" errors="0" timestamp="2023-06-18T23:24:26 IST">
  <testcase classname="com.qa.opencart.tests.LoginPageTest" name="phonenum" time="0.874"/>
  <testcase classname="com.qa.opencart.tests.LoginPageTest" name="usernameTest" time="0.0">
    <ignored/>
  </testcase> <!-- usernameTest -->
  <testcase classname="com.qa.opencart.tests.LoginPageTest" name="loginTest" time="0.0">
    <ignored/>
  </testcase> <!-- loginTest -->
  <testcase classname="com.qa.opencart.tests.LoginPageTest" name="forgotPwdLink" time="0.0">
    <ignored/>
  </testcase> <!-- forgotPwdLink -->
  <testcase classname="com.qa.opencart.tests.LoginPageTest" name="loginPageUrl" time="0.0">
    <ignored/>
  </testcase> <!-- loginPageUrl -->
  <testcase classname="com.qa.opencart.tests.LoginPageTest" name="loginPageTitle" time="0.0">
    <ignored/>
  </testcase> <!-- loginPageTitle -->
</testsuite> <!-- Default test -->
