<?xml version="1.0" encoding="UTF-8"?>
<testng-results ignored="0" total="5" passed="5" failed="0" skipped="0">
  <reporter-output>
  </reporter-output>
  <suite started-at="2023-06-12T00:46:42 IST" name="Default suite" finished-at="2023-06-12T00:47:00 IST" duration-ms="17991">
    <groups>
    </groups>
    <test started-at="2023-06-12T00:46:42 IST" name="Default test" finished-at="2023-06-12T00:47:00 IST" duration-ms="17991">
      <class name="com.qa.opencart.tests.AccountPageTest">
        <test-method is-config="true" signature="setup()[pri:0, instance:com.qa.opencart.tests.AccountPageTest@52e6fdee]" started-at="2023-06-12T00:46:42 IST" name="setup" finished-at="2023-06-12T00:46:52 IST" duration-ms="10116" status="PASS">
          <reporter-output>
          </reporter-output>
        </test-method> <!-- setup -->
        <test-method signature="accPageSetup()[pri:0, instance:com.qa.opencart.tests.AccountPageTest@52e6fdee]" started-at="2023-06-12T00:46:52 IST" name="accPageSetup" finished-at="2023-06-12T00:46:58 IST" duration-ms="6062" status="PASS">
          <reporter-output>
          </reporter-output>
        </test-method> <!-- accPageSetup -->
        <test-method signature="getHeadersList()[pri:0, instance:com.qa.opencart.tests.AccountPageTest@52e6fdee]" started-at="2023-06-12T00:46:58 IST" name="getHeadersList" finished-at="2023-06-12T00:46:59 IST" duration-ms="379" status="PASS">
          <reporter-output>
          </reporter-output>
        </test-method> <!-- getHeadersList -->
        <test-method signature="getLogoutLink()[pri:0, instance:com.qa.opencart.tests.AccountPageTest@52e6fdee]" started-at="2023-06-12T00:46:59 IST" name="getLogoutLink" finished-at="2023-06-12T00:46:59 IST" duration-ms="233" status="PASS">
          <reporter-output>
          </reporter-output>
        </test-method> <!-- getLogoutLink -->
        <test-method signature="getPageTitle()[pri:0, instance:com.qa.opencart.tests.AccountPageTest@52e6fdee]" started-at="2023-06-12T00:46:59 IST" name="getPageTitle" finished-at="2023-06-12T00:46:59 IST" duration-ms="27" status="PASS">
          <reporter-output>
          </reporter-output>
        </test-method> <!-- getPageTitle -->
        <test-method signature="getPageURL()[pri:0, instance:com.qa.opencart.tests.AccountPageTest@52e6fdee]" started-at="2023-06-12T00:46:59 IST" name="getPageURL" finished-at="2023-06-12T00:46:59 IST" duration-ms="28" status="PASS">
          <reporter-output>
          </reporter-output>
        </test-method> <!-- getPageURL -->
        <test-method is-config="true" signature="tearDown()[pri:0, instance:com.qa.opencart.tests.AccountPageTest@52e6fdee]" started-at="2023-06-12T00:46:59 IST" name="tearDown" finished-at="2023-06-12T00:47:00 IST" duration-ms="974" status="PASS">
          <reporter-output>
          </reporter-output>
        </test-method> <!-- tearDown -->
      </class> <!-- com.qa.opencart.tests.AccountPageTest -->
    </test> <!-- Default test -->
  </suite> <!-- Default suite -->
</testng-results>
