<?xml version="1.0" encoding="UTF-8"?>
<testng-results ignored="5" total="6" passed="1" failed="0" skipped="0">
  <reporter-output>
  </reporter-output>
  <suite started-at="2023-06-18T23:24:13 IST" name="Default suite" finished-at="2023-06-18T23:24:26 IST" duration-ms="13073">
    <groups>
    </groups>
    <test started-at="2023-06-18T23:24:13 IST" name="Default test" finished-at="2023-06-18T23:24:26 IST" duration-ms="13073">
      <class name="com.qa.opencart.tests.LoginPageTest">
        <test-method is-config="true" signature="setup()[pri:0, instance:com.qa.opencart.tests.LoginPageTest@74e52303]" started-at="2023-06-18T23:24:13 IST" name="setup" finished-at="2023-06-18T23:24:23 IST" duration-ms="10256" status="PASS">
          <reporter-output>
          </reporter-output>
        </test-method> <!-- setup -->
        <test-method signature="phonenum()[pri:0, instance:com.qa.opencart.tests.LoginPageTest@74e52303]" started-at="2023-06-18T23:24:23 IST" name="phonenum" finished-at="2023-06-18T23:24:24 IST" duration-ms="874" status="PASS">
          <reporter-output>
          </reporter-output>
        </test-method> <!-- phonenum -->
        <test-method is-config="true" signature="tearDown()[pri:0, instance:com.qa.opencart.tests.LoginPageTest@74e52303]" started-at="2023-06-18T23:24:24 IST" name="tearDown" finished-at="2023-06-18T23:24:26 IST" duration-ms="1799" status="PASS">
          <reporter-output>
          </reporter-output>
        </test-method> <!-- tearDown -->
      </class> <!-- com.qa.opencart.tests.LoginPageTest -->
    </test> <!-- Default test -->
  </suite> <!-- Default suite -->
</testng-results>
